<?xml version="1.0" encoding="UTF-8"?>
<testng-results ignored="0" total="1" passed="1" failed="0" skipped="0">
  <reporter-output>
  </reporter-output>
  <suite started-at="2023-06-22T12:22:08 BST" name="Default suite" finished-at="2023-06-22T12:22:14 BST" duration-ms="5970">
    <groups>
    </groups>
    <test started-at="2023-06-22T12:22:08 BST" name="Default test" finished-at="2023-06-22T12:22:14 BST" duration-ms="5970">
      <class name="crossBrowser.FireFoxTest">
        <test-method signature="f()[pri:0, instance:crossBrowser.FireFoxTest@53fb3dab]" started-at="2023-06-22T12:22:08 BST" name="f" finished-at="2023-06-22T12:22:14 BST" duration-ms="5933" status="PASS">
          <reporter-output>
          </reporter-output>
        </test-method> <!-- f -->
      </class> <!-- crossBrowser.FireFoxTest -->
    </test> <!-- Default test -->
  </suite> <!-- Default suite -->
</testng-results>
